stdio    D         file_stdio.c:107  file_stdio_fopen                 [   0.00000] opening C:\Users\Gabriel\Desktop\projeto-integrador2\PI-2\x64\Debug\allegro5.cfg r
system   D            wsystem.c:836  maybe_parent_dir                 [   0.00000] Also searching C:\Users\Gabriel\Desktop\projeto-integrador2\PI-2\x64\
system   D            wsystem.c:891  _al_win_safe_load_library        [   0.00000] PathFindOnPath found: C:\WINDOWS\system32\shcore.dll
system   D            wsystem.c:797  load_library_at_path             [   0.00000] Calling LoadLibrary C:\WINDOWS\system32\shcore.dll
system   I            wsystem.c:800  load_library_at_path             [   0.00000] Loaded C:\WINDOWS\system32\shcore.dll
system   I             system.c:271  al_install_system                [   0.00000] Allegro version: 5.2.10 (20231119)
stdio    D         file_stdio.c:107  file_stdio_fopen                 [   0.00066] opening icon.bmp rb
stdio    D         file_stdio.c:107  file_stdio_fopen                 [   0.00113] opening icon.bmp rb
dtor     D               dtor.c:196  _al_register_destructor          [   0.00157] added dtor for bitmap 0000021BB9FA3A80, func 00007FFF47F01190
stdio    D         file_stdio.c:107  file_stdio_fopen                 [   0.00204] opening scientist.png rb
stdio    D         file_stdio.c:107  file_stdio_fopen                 [   0.00256] opening scientist.png rb
dtor     D               dtor.c:196  _al_register_destructor          [   0.00315] added dtor for bitmap 0000021BB9FA6E60, func 00007FFF47F01190
stdio    D         file_stdio.c:107  file_stdio_fopen                 [   0.00472] opening BG-1.png rb
stdio    D         file_stdio.c:107  file_stdio_fopen                 [   0.00510] opening BG-1.png rb
dtor     D               dtor.c:196  _al_register_destructor          [   0.00655] added dtor for bitmap 0000021BB9F7FBA0, func 00007FFF47F01190
system   D            wsystem.c:836  maybe_parent_dir                 [   0.04293] Also searching C:\Users\Gabriel\Desktop\projeto-integrador2\PI-2\x64\
system   D            wsystem.c:891  _al_win_safe_load_library        [   0.04335] PathFindOnPath found: C:\WINDOWS\system32\d3d9.dll
system   D            wsystem.c:797  load_library_at_path             [   0.04372] Calling LoadLibrary C:\WINDOWS\system32\d3d9.dll
system   I            wsystem.c:800  load_library_at_path             [   0.05763] Loaded C:\WINDOWS\system32\d3d9.dll
d3d      I         d3d_disp.cpp:679  d3d_init_display                 [   0.09139] Render-to-texture: 1
d3d      I         d3d_disp.cpp:1780 d3d_create_display_locked        [   0.09342] faux_fullscreen=0
d3d      D         d3d_disp.cpp:1781 d3d_create_display_locked        [   0.09377] al_display=0000021BBA009AC0
d3d      D         d3d_disp.cpp:1782 d3d_create_display_locked        [   0.09391] al_display->vt=0000021BB9FA6CB0
d3d      I d3d_display_formats.cpp:144  _al_d3d_generate_display_format_list [   0.10221] found 64 format combinations
display  D   display_settings.c:214  debug_display_settings           [   0.10244] color: 32 (rgba 8880), depth: 0, stencil: 0, acc: 0000, samples: 0/0
display  D   display_settings.c:529  _al_score_display_settings       [   0.10259] Score is : 897
display  D   display_settings.c:214  debug_display_settings           [   0.10267] color: 32 (rgba 8880), depth: 0, stencil: 0, acc: 0000, samples: 0/0
display  D   display_settings.c:529  _al_score_display_settings       [   0.10278] Score is : 897
display  D   display_settings.c:214  debug_display_settings           [   0.10290] color: 32 (rgba 8880), depth: 24, stencil: 8, acc: 0000, samples: 0/0
display  D   display_settings.c:529  _al_score_display_settings       [   0.10306] Score is : 897
display  D   display_settings.c:214  debug_display_settings           [   0.10315] color: 32 (rgba 8880), depth: 24, stencil: 8, acc: 0000, samples: 0/0
display  D   display_settings.c:529  _al_score_display_settings       [   0.10327] Score is : 897
display  D   display_settings.c:214  debug_display_settings           [   0.10336] color: 32 (rgba 8880), depth: 24, stencil: 0, acc: 0000, samples: 0/0
display  D   display_settings.c:529  _al_score_display_settings       [   0.10356] Score is : 897
display  D   display_settings.c:214  debug_display_settings           [   0.10368] color: 32 (rgba 8880), depth: 24, stencil: 0, acc: 0000, samples: 0/0
display  D   display_settings.c:529  _al_score_display_settings       [   0.10380] Score is : 897
display  D   display_settings.c:214  debug_display_settings           [   0.10391] color: 32 (rgba 8880), depth: 16, stencil: 0, acc: 0000, samples: 0/0
display  D   display_settings.c:529  _al_score_display_settings       [   0.10403] Score is : 897
display  D   display_settings.c:214  debug_display_settings           [   0.10416] color: 32 (rgba 8880), depth: 16, stencil: 0, acc: 0000, samples: 0/0
display  D   display_settings.c:529  _al_score_display_settings       [   0.10426] Score is : 897
display  D   display_settings.c:214  debug_display_settings           [   0.10437] color: 16 (rgba 5650), depth: 0, stencil: 0, acc: 0000, samples: 0/0
display  D   display_settings.c:529  _al_score_display_settings       [   0.10446] Score is : 897
display  D   display_settings.c:214  debug_display_settings           [   0.10455] color: 16 (rgba 5650), depth: 0, stencil: 0, acc: 0000, samples: 0/0
display  D   display_settings.c:529  _al_score_display_settings       [   0.10470] Score is : 897
display  D   display_settings.c:214  debug_display_settings           [   0.10484] color: 16 (rgba 5650), depth: 24, stencil: 8, acc: 0000, samples: 0/0
display  D   display_settings.c:529  _al_score_display_settings       [   0.10497] Score is : 897
display  D   display_settings.c:214  debug_display_settings           [   0.10508] color: 16 (rgba 5650), depth: 24, stencil: 8, acc: 0000, samples: 0/0
display  D   display_settings.c:529  _al_score_display_settings       [   0.10522] Score is : 897
display  D   display_settings.c:214  debug_display_settings           [   0.10533] color: 16 (rgba 5650), depth: 24, stencil: 0, acc: 0000, samples: 0/0
display  D   display_settings.c:529  _al_score_display_settings       [   0.10543] Score is : 897
display  D   display_settings.c:214  debug_display_settings           [   0.10555] color: 16 (rgba 5650), depth: 24, stencil: 0, acc: 0000, samples: 0/0
display  D   display_settings.c:529  _al_score_display_settings       [   0.10569] Score is : 897
display  D   display_settings.c:214  debug_display_settings           [   0.10577] color: 16 (rgba 5650), depth: 16, stencil: 0, acc: 0000, samples: 0/0
display  D   display_settings.c:529  _al_score_display_settings       [   0.10593] Score is : 897
display  D   display_settings.c:214  debug_display_settings           [   0.10606] color: 16 (rgba 5650), depth: 16, stencil: 0, acc: 0000, samples: 0/0
display  D   display_settings.c:529  _al_score_display_settings       [   0.10625] Score is : 897
display  D   display_settings.c:214  debug_display_settings           [   0.10634] color: 32 (rgba 8880), depth: 0, stencil: 0, acc: 0000, samples: 0/0
display  D   display_settings.c:400  _al_score_display_settings       [   0.10649] Single Buffer requirement not met.
display  D   display_settings.c:214  debug_display_settings           [   0.10658] color: 32 (rgba 8880), depth: 0, stencil: 0, acc: 0000, samples: 0/0
display  D   display_settings.c:400  _al_score_display_settings       [   0.10671] Single Buffer requirement not met.
display  D   display_settings.c:214  debug_display_settings           [   0.10678] color: 32 (rgba 8880), depth: 24, stencil: 8, acc: 0000, samples: 0/0
display  D   display_settings.c:400  _al_score_display_settings       [   0.10687] Single Buffer requirement not met.
display  D   display_settings.c:214  debug_display_settings           [   0.10697] color: 32 (rgba 8880), depth: 24, stencil: 8, acc: 0000, samples: 0/0
display  D   display_settings.c:400  _al_score_display_settings       [   0.10710] Single Buffer requirement not met.
display  D   display_settings.c:214  debug_display_settings           [   0.10718] color: 32 (rgba 8880), depth: 24, stencil: 0, acc: 0000, samples: 0/0
display  D   display_settings.c:400  _al_score_display_settings       [   0.10731] Single Buffer requirement not met.
display  D   display_settings.c:214  debug_display_settings           [   0.10742] color: 32 (rgba 8880), depth: 24, stencil: 0, acc: 0000, samples: 0/0
display  D   display_settings.c:400  _al_score_display_settings       [   0.10763] Single Buffer requirement not met.
display  D   display_settings.c:214  debug_display_settings           [   0.10776] color: 32 (rgba 8880), depth: 16, stencil: 0, acc: 0000, samples: 0/0
display  D   display_settings.c:400  _al_score_display_settings       [   0.10797] Single Buffer requirement not met.
display  D   display_settings.c:214  debug_display_settings           [   0.10828] color: 32 (rgba 8880), depth: 16, stencil: 0, acc: 0000, samples: 0/0
display  D   display_settings.c:400  _al_score_display_settings       [   0.10840] Single Buffer requirement not met.
display  D   display_settings.c:214  debug_display_settings           [   0.10849] color: 16 (rgba 5650), depth: 0, stencil: 0, acc: 0000, samples: 0/0
display  D   display_settings.c:400  _al_score_display_settings       [   0.10861] Single Buffer requirement not met.
display  D   display_settings.c:214  debug_display_settings           [   0.10870] color: 16 (rgba 5650), depth: 0, stencil: 0, acc: 0000, samples: 0/0
display  D   display_settings.c:400  _al_score_display_settings       [   0.10881] Single Buffer requirement not met.
display  D   display_settings.c:214  debug_display_settings           [   0.10890] color: 16 (rgba 5650), depth: 24, stencil: 8, acc: 0000, samples: 0/0
display  D   display_settings.c:400  _al_score_display_settings       [   0.10900] Single Buffer requirement not met.
display  D   display_settings.c:214  debug_display_settings           [   0.10910] color: 16 (rgba 5650), depth: 24, stencil: 8, acc: 0000, samples: 0/0
display  D   display_settings.c:400  _al_score_display_settings       [   0.10920] Single Buffer requirement not met.
display  D   display_settings.c:214  debug_display_settings           [   0.10928] color: 16 (rgba 5650), depth: 24, stencil: 0, acc: 0000, samples: 0/0
display  D   display_settings.c:400  _al_score_display_settings       [   0.10938] Single Buffer requirement not met.
display  D   display_settings.c:214  debug_display_settings           [   0.10948] color: 16 (rgba 5650), depth: 24, stencil: 0, acc: 0000, samples: 0/0
display  D   display_settings.c:400  _al_score_display_settings       [   0.10960] Single Buffer requirement not met.
display  D   display_settings.c:214  debug_display_settings           [   0.10971] color: 16 (rgba 5650), depth: 16, stencil: 0, acc: 0000, samples: 0/0
display  D   display_settings.c:400  _al_score_display_settings       [   0.10982] Single Buffer requirement not met.
display  D   display_settings.c:214  debug_display_settings           [   0.10990] color: 16 (rgba 5650), depth: 16, stencil: 0, acc: 0000, samples: 0/0
display  D   display_settings.c:400  _al_score_display_settings       [   0.11007] Single Buffer requirement not met.
display  D   display_settings.c:214  debug_display_settings           [   0.11045] color: 32 (rgba 8880), depth: 0, stencil: 0, acc: 0000, samples: 0/0
display  D   display_settings.c:529  _al_score_display_settings       [   0.11083] Score is : 769
display  D   display_settings.c:214  debug_display_settings           [   0.11123] color: 32 (rgba 8880), depth: 0, stencil: 0, acc: 0000, samples: 0/0
display  D   display_settings.c:529  _al_score_display_settings       [   0.11138] Score is : 769
display  D   display_settings.c:214  debug_display_settings           [   0.11149] color: 32 (rgba 8880), depth: 24, stencil: 8, acc: 0000, samples: 0/0
display  D   display_settings.c:529  _al_score_display_settings       [   0.11161] Score is : 769
display  D   display_settings.c:214  debug_display_settings           [   0.11171] color: 32 (rgba 8880), depth: 24, stencil: 8, acc: 0000, samples: 0/0
display  D   display_settings.c:529  _al_score_display_settings       [   0.11189] Score is : 769
display  D   display_settings.c:214  debug_display_settings           [   0.11200] color: 32 (rgba 8880), depth: 24, stencil: 0, acc: 0000, samples: 0/0
display  D   display_settings.c:529  _al_score_display_settings       [   0.11214] Score is : 769
display  D   display_settings.c:214  debug_display_settings           [   0.11237] color: 32 (rgba 8880), depth: 24, stencil: 0, acc: 0000, samples: 0/0
display  D   display_settings.c:529  _al_score_display_settings       [   0.11251] Score is : 769
display  D   display_settings.c:214  debug_display_settings           [   0.11262] color: 32 (rgba 8880), depth: 16, stencil: 0, acc: 0000, samples: 0/0
display  D   display_settings.c:529  _al_score_display_settings       [   0.11272] Score is : 769
display  D   display_settings.c:214  debug_display_settings           [   0.11280] color: 32 (rgba 8880), depth: 16, stencil: 0, acc: 0000, samples: 0/0
display  D   display_settings.c:529  _al_score_display_settings       [   0.11293] Score is : 769
display  D   display_settings.c:214  debug_display_settings           [   0.11305] color: 16 (rgba 5650), depth: 0, stencil: 0, acc: 0000, samples: 0/0
display  D   display_settings.c:529  _al_score_display_settings       [   0.11316] Score is : 769
display  D   display_settings.c:214  debug_display_settings           [   0.11326] color: 16 (rgba 5650), depth: 0, stencil: 0, acc: 0000, samples: 0/0
display  D   display_settings.c:529  _al_score_display_settings       [   0.11337] Score is : 769
display  D   display_settings.c:214  debug_display_settings           [   0.11347] color: 16 (rgba 5650), depth: 24, stencil: 8, acc: 0000, samples: 0/0
display  D   display_settings.c:529  _al_score_display_settings       [   0.11357] Score is : 769
display  D   display_settings.c:214  debug_display_settings           [   0.11366] color: 16 (rgba 5650), depth: 24, stencil: 8, acc: 0000, samples: 0/0
display  D   display_settings.c:529  _al_score_display_settings       [   0.11381] Score is : 769
display  D   display_settings.c:214  debug_display_settings           [   0.11390] color: 16 (rgba 5650), depth: 24, stencil: 0, acc: 0000, samples: 0/0
display  D   display_settings.c:529  _al_score_display_settings       [   0.11399] Score is : 769
display  D   display_settings.c:214  debug_display_settings           [   0.11407] color: 16 (rgba 5650), depth: 24, stencil: 0, acc: 0000, samples: 0/0
display  D   display_settings.c:529  _al_score_display_settings       [   0.11415] Score is : 769
display  D   display_settings.c:214  debug_display_settings           [   0.11425] color: 16 (rgba 5650), depth: 16, stencil: 0, acc: 0000, samples: 0/0
display  D   display_settings.c:529  _al_score_display_settings       [   0.11436] Score is : 769
display  D   display_settings.c:214  debug_display_settings           [   0.11444] color: 16 (rgba 5650), depth: 16, stencil: 0, acc: 0000, samples: 0/0
display  D   display_settings.c:529  _al_score_display_settings       [   0.11454] Score is : 769
display  D   display_settings.c:214  debug_display_settings           [   0.11463] color: 32 (rgba 8880), depth: 0, stencil: 0, acc: 0000, samples: 0/0
display  D   display_settings.c:400  _al_score_display_settings       [   0.11473] Single Buffer requirement not met.
display  D   display_settings.c:214  debug_display_settings           [   0.11482] color: 32 (rgba 8880), depth: 0, stencil: 0, acc: 0000, samples: 0/0
display  D   display_settings.c:400  _al_score_display_settings       [   0.11492] Single Buffer requirement not met.
display  D   display_settings.c:214  debug_display_settings           [   0.11504] color: 32 (rgba 8880), depth: 24, stencil: 8, acc: 0000, samples: 0/0
display  D   display_settings.c:400  _al_score_display_settings       [   0.11514] Single Buffer requirement not met.
display  D   display_settings.c:214  debug_display_settings           [   0.11523] color: 32 (rgba 8880), depth: 24, stencil: 8, acc: 0000, samples: 0/0
display  D   display_settings.c:400  _al_score_display_settings       [   0.11545] Single Buffer requirement not met.
display  D   display_settings.c:214  debug_display_settings           [   0.11558] color: 32 (rgba 8880), depth: 24, stencil: 0, acc: 0000, samples: 0/0
display  D   display_settings.c:400  _al_score_display_settings       [   0.11569] Single Buffer requirement not met.
display  D   display_settings.c:214  debug_display_settings           [   0.11578] color: 32 (rgba 8880), depth: 24, stencil: 0, acc: 0000, samples: 0/0
display  D   display_settings.c:400  _al_score_display_settings       [   0.11588] Single Buffer requirement not met.
display  D   display_settings.c:214  debug_display_settings           [   0.11604] color: 32 (rgba 8880), depth: 16, stencil: 0, acc: 0000, samples: 0/0
display  D   display_settings.c:400  _al_score_display_settings       [   0.11614] Single Buffer requirement not met.
display  D   display_settings.c:214  debug_display_settings           [   0.11622] color: 32 (rgba 8880), depth: 16, stencil: 0, acc: 0000, samples: 0/0
display  D   display_settings.c:400  _al_score_display_settings       [   0.11633] Single Buffer requirement not met.
display  D   display_settings.c:214  debug_display_settings           [   0.11642] color: 16 (rgba 5650), depth: 0, stencil: 0, acc: 0000, samples: 0/0
display  D   display_settings.c:400  _al_score_display_settings       [   0.11651] Single Buffer requirement not met.
display  D   display_settings.c:214  debug_display_settings           [   0.11661] color: 16 (rgba 5650), depth: 0, stencil: 0, acc: 0000, samples: 0/0
display  D   display_settings.c:400  _al_score_display_settings       [   0.11672] Single Buffer requirement not met.
display  D   display_settings.c:214  debug_display_settings           [   0.11681] color: 16 (rgba 5650), depth: 24, stencil: 8, acc: 0000, samples: 0/0
display  D   display_settings.c:400  _al_score_display_settings       [   0.11692] Single Buffer requirement not met.
display  D   display_settings.c:214  debug_display_settings           [   0.11702] color: 16 (rgba 5650), depth: 24, stencil: 8, acc: 0000, samples: 0/0
display  D   display_settings.c:400  _al_score_display_settings       [   0.11712] Single Buffer requirement not met.
display  D   display_settings.c:214  debug_display_settings           [   0.11721] color: 16 (rgba 5650), depth: 24, stencil: 0, acc: 0000, samples: 0/0
display  D   display_settings.c:400  _al_score_display_settings       [   0.11758] Single Buffer requirement not met.
display  D   display_settings.c:214  debug_display_settings           [   0.11773] color: 16 (rgba 5650), depth: 24, stencil: 0, acc: 0000, samples: 0/0
display  D   display_settings.c:400  _al_score_display_settings       [   0.11784] Single Buffer requirement not met.
display  D   display_settings.c:214  debug_display_settings           [   0.11794] color: 16 (rgba 5650), depth: 16, stencil: 0, acc: 0000, samples: 0/0
display  D   display_settings.c:400  _al_score_display_settings       [   0.11804] Single Buffer requirement not met.
display  D   display_settings.c:214  debug_display_settings           [   0.11817] color: 16 (rgba 5650), depth: 16, stencil: 0, acc: 0000, samples: 0/0
display  D   display_settings.c:400  _al_score_display_settings       [   0.11828] Single Buffer requirement not met.
d3d      D         d3d_disp.cpp:1677 d3d_create_display_internals     [   0.11841] Trying format 0.
d3d      I         d3d_disp.cpp:1353 d3d_display_thread_proc          [   0.12162] Chose a display format: 23
d3d      I         d3d_disp.cpp:1422 d3d_display_thread_proc          [   0.12196] Normal window.
d3d      I         d3d_disp.cpp:786  d3d_create_device                [   0.17230] Using no depth stencil buffer
d3d      D         d3d_disp.cpp:848  d3d_create_device                [   0.21681] BeginScene succeeded in create_device
d3d      D         d3d_disp.cpp:856  d3d_create_device                [   0.21701] Success
d3d      D         d3d_disp.cpp:1703 d3d_create_display_internals     [   0.21720] Resumed after wait.
d3d      I         d3d_disp.cpp:1736 d3d_create_display_internals     [   0.21742] Format 0 succeeded.
d3d      D         d3d_disp.cpp:1767 d3d_create_display_internals     [   0.21755] Returning d3d_display: 0000021BBA009AC0
d3d      D         d3d_disp.cpp:1792 d3d_create_display_locked        [   0.21767] al_display=0000021BBA009AC0
d3d      D         d3d_disp.cpp:1793 d3d_create_display_locked        [   0.21778] al_display->vt=0000021BB9FA6CB0
d3d      D         d3d_disp.cpp:1197 real_choose_bitmap_format        [   0.21957] Fake format
d3d      D         d3d_disp.cpp:1197 real_choose_bitmap_format        [   0.22007] Fake format
d3d      D         d3d_disp.cpp:1197 real_choose_bitmap_format        [   0.22024] Fake format
d3d      D         d3d_disp.cpp:1197 real_choose_bitmap_format        [   0.22036] Fake format
d3d      D         d3d_disp.cpp:1197 real_choose_bitmap_format        [   0.22055] Fake format
d3d      D         d3d_disp.cpp:1197 real_choose_bitmap_format        [   0.22066] Fake format
d3d      D         d3d_disp.cpp:1197 real_choose_bitmap_format        [   0.22077] Fake format
d3d      D         d3d_disp.cpp:1197 real_choose_bitmap_format        [   0.22087] Fake format
d3d      D         d3d_disp.cpp:1197 real_choose_bitmap_format        [   0.22095] Fake format
d3d      D         d3d_disp.cpp:1205 real_choose_bitmap_format        [   0.22106] Alpha doesn't match
d3d      D         d3d_disp.cpp:1212 real_choose_bitmap_format        [   0.22117] Adapter format is 23
d3d      D         d3d_disp.cpp:1215 real_choose_bitmap_format        [   0.22134] Found a format
d3d      I         d3d_disp.cpp:2386 d3d_create_bitmap                [   0.22148] Chose bitmap format 9
dtor     D               dtor.c:196  _al_register_destructor          [   0.22195] added dtor for bitmap 0000021BC133BBD0, func 00007FFF47F01190
d3d      D          d3d_bmp.cpp:539  _al_d3d_sync_bitmap              [   0.24257] _al_d3d_sync_bitmap (system) ref count == 1
d3d      D          d3d_bmp.cpp:545  _al_d3d_sync_bitmap              [   0.24281] _al_d3d_sync_bitmap (video) ref count == 2
d3d      D          d3d_bmp.cpp:539  _al_d3d_sync_bitmap              [   0.24413] _al_d3d_sync_bitmap (system) ref count == 1
d3d      D          d3d_bmp.cpp:545  _al_d3d_sync_bitmap              [   0.24433] _al_d3d_sync_bitmap (video) ref count == 2
d3d      D          d3d_bmp.cpp:539  _al_d3d_sync_bitmap              [   0.24764] _al_d3d_sync_bitmap (system) ref count == 1
d3d      D          d3d_bmp.cpp:545  _al_d3d_sync_bitmap              [   0.24845] _al_d3d_sync_bitmap (video) ref count == 1
dtor     D               dtor.c:227  _al_unregister_destructor        [   0.25090] removed dtor for bitmap 0000021BC133BBD0
d3d      D         d3d_disp.cpp:1197 real_choose_bitmap_format        [   0.25309] Fake format
d3d      D         d3d_disp.cpp:1197 real_choose_bitmap_format        [   0.25342] Fake format
d3d      D         d3d_disp.cpp:1197 real_choose_bitmap_format        [   0.25370] Fake format
d3d      D         d3d_disp.cpp:1197 real_choose_bitmap_format        [   0.25388] Fake format
d3d      D         d3d_disp.cpp:1197 real_choose_bitmap_format        [   0.25400] Fake format
d3d      D         d3d_disp.cpp:1197 real_choose_bitmap_format        [   0.25422] Fake format
d3d      D         d3d_disp.cpp:1197 real_choose_bitmap_format        [   0.25434] Fake format
d3d      D         d3d_disp.cpp:1197 real_choose_bitmap_format        [   0.25450] Fake format
d3d      D         d3d_disp.cpp:1197 real_choose_bitmap_format        [   0.25459] Fake format
d3d      D         d3d_disp.cpp:1205 real_choose_bitmap_format        [   0.25476] Alpha doesn't match
d3d      D         d3d_disp.cpp:1212 real_choose_bitmap_format        [   0.25488] Adapter format is 23
d3d      D         d3d_disp.cpp:1215 real_choose_bitmap_format        [   0.25499] Found a format
d3d      I         d3d_disp.cpp:2386 d3d_create_bitmap                [   0.25509] Chose bitmap format 9
dtor     D               dtor.c:196  _al_register_destructor          [   0.25551] added dtor for bitmap 0000021BC133B600, func 00007FFF47F01190
d3d      D          d3d_bmp.cpp:539  _al_d3d_sync_bitmap              [   0.25577] _al_d3d_sync_bitmap (system) ref count == 1
d3d      D          d3d_bmp.cpp:545  _al_d3d_sync_bitmap              [   0.25596] _al_d3d_sync_bitmap (video) ref count == 2
d3d      D          d3d_bmp.cpp:539  _al_d3d_sync_bitmap              [   0.25666] _al_d3d_sync_bitmap (system) ref count == 1
d3d      D          d3d_bmp.cpp:545  _al_d3d_sync_bitmap              [   0.25687] _al_d3d_sync_bitmap (video) ref count == 2
d3d      D          d3d_bmp.cpp:539  _al_d3d_sync_bitmap              [   0.26680] _al_d3d_sync_bitmap (system) ref count == 1
d3d      D          d3d_bmp.cpp:545  _al_d3d_sync_bitmap              [   0.26718] _al_d3d_sync_bitmap (video) ref count == 1
dtor     D               dtor.c:227  _al_unregister_destructor        [   0.27337] removed dtor for bitmap 0000021BC133B600
dtor     D               dtor.c:196  _al_register_destructor          [   0.27427] added dtor for queue 0000021BBA00BC50, func 00007FFF47F01C53
dtor     D               dtor.c:227  _al_unregister_destructor        [   6.96138] removed dtor for bitmap 0000021BB9F7FBA0
dtor     D               dtor.c:227  _al_unregister_destructor        [   6.96725] removed dtor for bitmap 0000021BB9FA6E60
dtor     D               dtor.c:227  _al_unregister_destructor        [   6.97176] removed dtor for queue 0000021BBA00BC50
d3d      I         d3d_disp.cpp:910  d3d_destroy_display              [   6.97200] destroying display 0000021BBA009AC0 (current 0000000000000000)
d3d      D         d3d_disp.cpp:894  d3d_destroy_display_internals    [   6.97584] waiting for display 0000021BBA009AC0's thread to end
d3d      W         d3d_disp.cpp:603  d3d_destroy_device               [   7.00467] d3d_destroy_device: ref count not 0
d3d      I         d3d_disp.cpp:1557 d3d_display_thread_proc          [   7.18483] d3d display thread exits
dtor     D               dtor.c:116  _al_run_destructors              [   7.18732] calling dtor for bitmap 0000021BB9FA3A80, func 00007FFF47F01190
dtor     D               dtor.c:227  _al_unregister_destructor        [   7.18790] removed dtor for bitmap 0000021BB9FA3A80
